<?xml version="1.0" encoding="UTF-8"?>
<!-- Generated by org.testng.reporters.JUnitReportReporter -->
<testsuite skipped="0" hostname="Suresh-PC" name="testPackage.DemoTest" tests="4" failures="0" timestamp="23 Dec 2018 04:42:33 GMT" time="0.023" errors="0">
  <testcase name="method3" time="0.004" classname="testPackage.DemoTest"/>
  <testcase name="method2" time="0.003" classname="testPackage.DemoTest"/>
  <testcase name="method1" time="0.013" classname="testPackage.DemoTest"/>
  <testcase name="method4" time="0.003" classname="testPackage.DemoTest"/>
</testsuite> <!-- testPackage.DemoTest -->
